15:24:49.876 [main] DEBUG org.apache.poi.openxml4j.opc.PackageRelationshipCollection - Parsing relationship: /xl/_rels/workbook.xml.rels
15:24:49.880 [main] DEBUG org.apache.poi.openxml4j.opc.PackageRelationshipCollection - Parsing relationship: /xl/worksheets/_rels/sheet1.xml.rels
15:24:49.882 [main] DEBUG org.apache.poi.openxml4j.opc.PackageRelationshipCollection - Parsing relationship: /_rels/.rels
15:24:49.922 [main] DEBUG org.apache.poi.openxml4j.opc.PackageRelationshipCollection - Parsing relationship: /xl/_rels/workbook.xml.rels
15:24:49.928 [main] DEBUG org.apache.poi.openxml4j.opc.PackageRelationshipCollection - Parsing relationship: /xl/worksheets/_rels/sheet1.xml.rels
15:24:49.930 [main] DEBUG org.apache.poi.openxml4j.opc.PackageRelationshipCollection - Parsing relationship: /_rels/.rels
15:24:49.969 [main] DEBUG org.apache.poi.openxml4j.opc.PackageRelationshipCollection - Parsing relationship: /xl/_rels/workbook.xml.rels
15:24:49.970 [main] DEBUG org.apache.poi.openxml4j.opc.PackageRelationshipCollection - Parsing relationship: /xl/worksheets/_rels/sheet1.xml.rels
15:24:49.972 [main] DEBUG org.apache.poi.openxml4j.opc.PackageRelationshipCollection - Parsing relationship: /_rels/.rels
15:24:50.015 [main] DEBUG org.apache.poi.openxml4j.opc.PackageRelationshipCollection - Parsing relationship: /xl/_rels/workbook.xml.rels
15:24:50.019 [main] DEBUG org.apache.poi.openxml4j.opc.PackageRelationshipCollection - Parsing relationship: /xl/worksheets/_rels/sheet1.xml.rels
15:24:50.022 [main] DEBUG org.apache.poi.openxml4j.opc.PackageRelationshipCollection - Parsing relationship: /_rels/.rels
15:24:50.050 [main] DEBUG org.apache.poi.openxml4j.opc.PackageRelationshipCollection - Parsing relationship: /xl/_rels/workbook.xml.rels
15:24:50.052 [main] DEBUG org.apache.poi.openxml4j.opc.PackageRelationshipCollection - Parsing relationship: /xl/worksheets/_rels/sheet1.xml.rels
15:24:50.053 [main] DEBUG org.apache.poi.openxml4j.opc.PackageRelationshipCollection - Parsing relationship: /_rels/.rels
15:24:50.089 [main] DEBUG org.apache.poi.openxml4j.opc.PackageRelationshipCollection - Parsing relationship: /xl/_rels/workbook.xml.rels
15:24:50.090 [main] DEBUG org.apache.poi.openxml4j.opc.PackageRelationshipCollection - Parsing relationship: /xl/worksheets/_rels/sheet1.xml.rels
15:24:50.092 [main] DEBUG org.apache.poi.openxml4j.opc.PackageRelationshipCollection - Parsing relationship: /_rels/.rels
15:24:50.119 [main] DEBUG org.apache.poi.openxml4j.opc.PackageRelationshipCollection - Parsing relationship: /xl/_rels/workbook.xml.rels
15:24:50.120 [main] DEBUG org.apache.poi.openxml4j.opc.PackageRelationshipCollection - Parsing relationship: /xl/worksheets/_rels/sheet1.xml.rels
15:24:50.122 [main] DEBUG org.apache.poi.openxml4j.opc.PackageRelationshipCollection - Parsing relationship: /_rels/.rels
15:24:50.148 [main] INFO  testCases.TC_3_LoginDataDrivenTest - *********started TC_3_LoginDataDrivenTest******
15:24:52.623 [main] INFO  testCases.TC_3_LoginDataDrivenTest - *********finished TC_3_LoginDataDrivenTest***********
15:24:52.631 [main] INFO  testCases.TC_3_LoginDataDrivenTest - *********started TC_3_LoginDataDrivenTest******
15:25:03.962 [main] INFO  testCases.TC_3_LoginDataDrivenTest - *********finished TC_3_LoginDataDrivenTest***********
15:25:03.964 [main] INFO  testCases.TC_3_LoginDataDrivenTest - *********started TC_3_LoginDataDrivenTest******
15:25:15.224 [main] INFO  testCases.TC_3_LoginDataDrivenTest - *********finished TC_3_LoginDataDrivenTest***********
15:25:15.228 [main] INFO  testCases.TC_3_LoginDataDrivenTest - *********started TC_3_LoginDataDrivenTest******
15:25:25.952 [main] INFO  testCases.TC_3_LoginDataDrivenTest - *********finished TC_3_LoginDataDrivenTest***********
15:25:25.954 [main] INFO  testCases.TC_3_LoginDataDrivenTest - *********started TC_3_LoginDataDrivenTest******
15:25:27.910 [main] INFO  testCases.TC_3_LoginDataDrivenTest - *********finished TC_3_LoginDataDrivenTest***********
