12:18:58.606 [main] INFO  testCases.TC_1_AccountRegistrationTest - ***********starting TC_1_AccountRegistrationTest************
12:18:58.808 [main] INFO  testCases.TC_1_AccountRegistrationTest - clicked on my account........
12:18:59.326 [main] INFO  testCases.TC_1_AccountRegistrationTest - clicked on register link ..........
12:18:59.329 [main] INFO  testCases.TC_1_AccountRegistrationTest - providing customer details.........
12:19:00.969 [main] INFO  testCases.TC_1_AccountRegistrationTest - validating expected message..
12:19:01.040 [main] INFO  testCases.TC_1_AccountRegistrationTest - ***********finished TC_1_AccountRegistrationTest***********
12:20:20.071 [main] INFO  testCases.TC_1_AccountRegistrationTest - ***********starting TC_1_AccountRegistrationTest************
12:20:20.281 [main] INFO  testCases.TC_1_AccountRegistrationTest - clicked on my account........
12:20:20.814 [main] INFO  testCases.TC_1_AccountRegistrationTest - clicked on register link ..........
12:20:20.818 [main] INFO  testCases.TC_1_AccountRegistrationTest - providing customer details.........
12:20:22.545 [main] INFO  testCases.TC_1_AccountRegistrationTest - validating expected message..
12:20:22.591 [main] INFO  testCases.TC_1_AccountRegistrationTest - ***********finished TC_1_AccountRegistrationTest***********
12:25:23.817 [main] INFO  testCases.TC_1_AccountRegistrationTest - ***********starting TC_1_AccountRegistrationTest************
12:25:23.989 [main] INFO  testCases.TC_1_AccountRegistrationTest - clicked on my account........
12:25:24.457 [main] INFO  testCases.TC_1_AccountRegistrationTest - clicked on register link ..........
12:25:24.460 [main] INFO  testCases.TC_1_AccountRegistrationTest - providing customer details.........
12:25:25.988 [main] INFO  testCases.TC_1_AccountRegistrationTest - validating expected message..
12:25:26.044 [main] INFO  testCases.TC_1_AccountRegistrationTest - ***********finished TC_1_AccountRegistrationTest***********
12:26:45.382 [TestNG-tests-1] INFO  testCases.TC_1_AccountRegistrationTest - ***********starting TC_1_AccountRegistrationTest************
12:26:45.576 [TestNG-tests-1] INFO  testCases.TC_1_AccountRegistrationTest - clicked on my account........
12:26:46.223 [TestNG-tests-1] INFO  testCases.TC_1_AccountRegistrationTest - clicked on register link ..........
12:26:46.227 [TestNG-tests-1] INFO  testCases.TC_1_AccountRegistrationTest - providing customer details.........
12:26:47.961 [TestNG-tests-1] INFO  testCases.TC_1_AccountRegistrationTest - validating expected message..
12:26:48.024 [TestNG-tests-1] INFO  testCases.TC_1_AccountRegistrationTest - ***********finished TC_1_AccountRegistrationTest***********
12:27:03.557 [TestNG-tests-2] INFO  testCases.TC_1_AccountRegistrationTest - ***********starting TC_1_AccountRegistrationTest************
12:27:03.731 [TestNG-tests-2] INFO  testCases.TC_1_AccountRegistrationTest - clicked on my account........
12:27:04.878 [TestNG-tests-2] INFO  testCases.TC_1_AccountRegistrationTest - clicked on register link ..........
12:27:04.879 [TestNG-tests-2] INFO  testCases.TC_1_AccountRegistrationTest - providing customer details.........
12:27:06.529 [TestNG-tests-2] INFO  testCases.TC_1_AccountRegistrationTest - validating expected message..
12:27:06.580 [TestNG-tests-2] INFO  testCases.TC_1_AccountRegistrationTest - ***********finished TC_1_AccountRegistrationTest***********
12:27:48.207 [TestNG-tests-3] INFO  testCases.TC_1_AccountRegistrationTest - ***********starting TC_1_AccountRegistrationTest************
12:27:49.197 [TestNG-tests-3] INFO  testCases.TC_1_AccountRegistrationTest - clicked on my account........
12:27:50.604 [TestNG-tests-3] INFO  testCases.TC_1_AccountRegistrationTest - clicked on register link ..........
12:27:50.604 [TestNG-tests-3] INFO  testCases.TC_1_AccountRegistrationTest - providing customer details.........
12:27:52.505 [TestNG-tests-3] INFO  testCases.TC_1_AccountRegistrationTest - validating expected message..
12:27:52.547 [TestNG-tests-3] INFO  testCases.TC_1_AccountRegistrationTest - ***********finished TC_1_AccountRegistrationTest***********
12:31:40.843 [main] INFO  testCases.TC_1_AccountRegistrationTest - ***********starting TC_1_AccountRegistrationTest************
12:32:35.163 [main] INFO  testCases.TC_1_AccountRegistrationTest - ***********starting TC_1_AccountRegistrationTest************
12:32:35.325 [main] INFO  testCases.TC_1_AccountRegistrationTest - clicked on my account........
12:32:35.768 [main] INFO  testCases.TC_1_AccountRegistrationTest - clicked on register link ..........
12:32:35.776 [main] INFO  testCases.TC_1_AccountRegistrationTest - providing customer details.........
12:32:37.323 [main] INFO  testCases.TC_1_AccountRegistrationTest - validating expected message..
12:32:37.384 [main] INFO  testCases.TC_1_AccountRegistrationTest - ***********finished TC_1_AccountRegistrationTest***********
12:39:52.929 [main] INFO  testCases.TC_1_AccountRegistrationTest - ***********starting TC_1_AccountRegistrationTest************
